#
# There is insufficient memory for the Java Runtime Environment to continue.
# Native memory allocation (mmap) failed to map 264241152 bytes. Error detail: G1 virtual space
# Possible reasons:
#   The system is out of physical RAM or swap space
#   This process is running with CompressedOops enabled, and the Java Heap may be blocking the growth of the native heap
# Possible solutions:
#   Reduce memory load on the system
#   Increase physical memory or swap space
#   Check if swap backing store is full
#   Decrease Java heap size (-Xmx/-Xms)
#   Decrease number of Java threads
#   Decrease Java thread stack sizes (-Xss)
#   Set larger code cache with -XX:ReservedCodeCacheSize=
#   JVM is running with Zero Based Compressed Oops mode in which the Java heap is
#     placed in the first 32GB address space. The Java Heap base address is the
#     maximum limit for the native heap growth. Please use -XX:HeapBaseMinAddress
#     to set the Java Heap base and to place the Java Heap above 32GB virtual address.
# This output file may be truncated or incomplete.
#
#  Out of Memory Error (os_windows.cpp:3898), pid=33604, tid=23260
#
# JRE version:  (21.0.6+9) (build )
# Java VM: OpenJDK 64-Bit Server VM (21.0.6+9-b895.109, mixed mode, sharing, tiered, compressed oops, compressed class ptrs, g1 gc, windows-amd64)
# No core dump will be written. Minidumps are not enabled by default on client versions of Windows
#

---------------  S U M M A R Y ------------

Command Line: git4idea.http.GitAskPassApp Username for 'https://github.com': 

Host: 12th Gen Intel(R) Core(TM) i5-12450H, 12 cores, 15G,  Windows 11 , 64 bit Build 26100 (10.0.26100.7019)
Time: Tue Nov 25 19:59:27 2025  Windows 11 , 64 bit Build 26100 (10.0.26100.7019) elapsed time: 1.082011 seconds (0d 0h 0m 1s)

---------------  T H R E A D  ---------------

Current thread (0x00000233e01301a0):  JavaThread "Unknown thread" [_thread_in_vm, id=23260, stack(0x000000a77c800000,0x000000a77c900000) (1024K)]

Stack: [0x000000a77c800000,0x000000a77c900000]
Native frames: (J=compiled Java code, j=interpreted, Vv=VM code, C=native code)
V  [jvm.dll+0x6e5cb9]
V  [jvm.dll+0x8c4113]
V  [jvm.dll+0x8c666e]
V  [jvm.dll+0x8c6d53]
V  [jvm.dll+0x288f76]
V  [jvm.dll+0x6e2575]
V  [jvm.dll+0x6d602a]
V  [jvm.dll+0x3635db]
V  [jvm.dll+0x36b1a6]
V  [jvm.dll+0x3bd4f6]
V  [jvm.dll+0x3bd7c8]
V  [jvm.dll+0x335d2c]
V  [jvm.dll+0x336a1b]
V  [jvm.dll+0x88b569]
V  [jvm.dll+0x3ca6c8]
V  [jvm.dll+0x8745b8]
V  [jvm.dll+0x45f0de]
V  [jvm.dll+0x460dc1]
C  [jli.dll+0x52ab]
C  [ucrtbase.dll+0x37b0]
C  [KERNEL32.DLL+0x2e8d7]
C  [ntdll.dll+0x8c53c]


---------------  P R O C E S S  ---------------

Threads class SMR info:
_java_thread_list=0x00007ffcb0dca148, length=0, elements={
}

Java Threads: ( => current thread )
Total: 0

Other Threads:
  0x00000233e010ef70 WorkerThread "GC Thread#0"                     [id=33168, stack(0x000000a77c900000,0x000000a77ca00000) (1024K)]
  0x00000233e2431860 ConcurrentGCThread "G1 Main Marker"            [id=32480, stack(0x000000a77ca00000,0x000000a77cb00000) (1024K)]
  0x00000233e010e830 WorkerThread "G1 Conc#0"                       [id=23152, stack(0x000000a77cb00000,0x000000a77cc00000) (1024K)]

[error occurred during error reporting (printing all threads), id 0xc0000005, EXCEPTION_ACCESS_VIOLATION (0xc0000005) at pc=0x00007ffcb04b8e07]
VM state: not at safepoint (not fully initialized)

VM Mutex/Monitor currently owned by a thread:  ([mutex/lock_event])
[0x00007ffcb0e3eb30] Heap_lock - owner thread: 0x00000233e01301a0

Heap address: 0x0000000704800000, size: 4024 MB, Compressed Oops mode: Zero based, Oop shift amount: 3

CDS archive(s) mapped at: [0x0000000000000000-0x0000000000000000-0x0000000000000000), size 0, SharedBaseAddress: 0x0000000800000000, ArchiveRelocationMode: 1.
Narrow klass base: 0x0000000000000000, Narrow klass shift: 0, Narrow klass range: 0x0

GC Precious Log:
 CardTable entry size: 512
 Card Set container configuration: InlinePtr #cards 4 size 8 Array Of Cards #cards 16 size 48 Howl #buckets 8 coarsen threshold 3686 Howl Bitmap #cards 512 size 80 coarsen threshold 460 Card regions per heap region 1 cards per card region 4096

Heap:
 garbage-first heap   total 0K, used 0K [0x0000000704800000, 0x0000000800000000)
  region size 2048K, 0 young (0K), 0 survivors (0K)
 Metaspace       used 0K, committed 0K, reserved 0K
  class space    used 0K, committed 0K, reserved 0K

Heap Regions: E=young(eden), S=young(survivor), O=old, HS=humongous(starts), HC=humongous(continues), CS=collection set, F=free, TAMS=top-at-mark-start, PB=parsable bottom

Card table byte_map: [0x00000233f6130000,0x00000233f6910000] _byte_map_base: 0x00000233f290c000

Marking Bits: (CMBitMap*) 0x00000233e2421400
 Bits: [0x00000233f6910000, 0x00000233fa7f0000)

GC Heap History (0 events):
No events

Dll operation events (1 events):
Event: 0.009 Loaded shared library C:\Program Files\JetBrains\IntelliJ IDEA 2025.1.1.1\jbr\bin\java.dll

Deoptimization events (0 events):
No events

Classes loaded (0 events):
No events

Classes unloaded (0 events):
No events

Classes redefined (0 events):
No events

Internal exceptions (0 events):
No events

ZGC Phase Switch (0 events):
No events

VM Operations (0 events):
No events

Memory protections (0 events):
No events

Nmethod flushes (0 events):
No events

Events (0 events):
No events


Dynamic libraries:
0x00007ff7491a0000 - 0x00007ff7491aa000 	C:\Program Files\JetBrains\IntelliJ IDEA 2025.1.1.1\jbr\bin\java.exe
0x00007ffd65700000 - 0x00007ffd65968000 	C:\WINDOWS\SYSTEM32\ntdll.dll
0x00007ffd64eb0000 - 0x00007ffd64f79000 	C:\WINDOWS\System32\KERNEL32.DLL
0x00007ffd629a0000 - 0x00007ffd62d98000 	C:\WINDOWS\System32\KERNELBASE.dll
0x00007ffd62850000 - 0x00007ffd6299b000 	C:\WINDOWS\System32\ucrtbase.dll
0x00007ffd50bb0000 - 0x00007ffd50bc8000 	C:\Program Files\JetBrains\IntelliJ IDEA 2025.1.1.1\jbr\bin\jli.dll
0x00007ffd52890000 - 0x00007ffd528ab000 	C:\Program Files\JetBrains\IntelliJ IDEA 2025.1.1.1\jbr\bin\VCRUNTIME140.dll
0x00007ffd64b00000 - 0x00007ffd64cc7000 	C:\WINDOWS\System32\USER32.dll
0x00007ffd63140000 - 0x00007ffd63167000 	C:\WINDOWS\System32\win32u.dll
0x00007ffd645b0000 - 0x00007ffd645db000 	C:\WINDOWS\System32\GDI32.dll
0x00007ffd49590000 - 0x00007ffd49824000 	C:\WINDOWS\WinSxS\amd64_microsoft.windows.common-controls_6595b64144ccf1df_6.0.26100.7019_none_3e06ffa0e335b8a8\COMCTL32.dll
0x00007ffd632c0000 - 0x00007ffd633ec000 	C:\WINDOWS\System32\gdi32full.dll
0x00007ffd62da0000 - 0x00007ffd62e43000 	C:\WINDOWS\System32\msvcp_win.dll
0x00007ffd64810000 - 0x00007ffd648b9000 	C:\WINDOWS\System32\msvcrt.dll
0x00007ffd645e0000 - 0x00007ffd64611000 	C:\WINDOWS\System32\IMM32.DLL
0x00007ffd51f50000 - 0x00007ffd51f5c000 	C:\Program Files\JetBrains\IntelliJ IDEA 2025.1.1.1\jbr\bin\vcruntime140_1.dll
0x00007ffd2c7d0000 - 0x00007ffd2c85d000 	C:\Program Files\JetBrains\IntelliJ IDEA 2025.1.1.1\jbr\bin\msvcp140.dll
0x00007ffcb0170000 - 0x00007ffcb0f31000 	C:\Program Files\JetBrains\IntelliJ IDEA 2025.1.1.1\jbr\bin\server\jvm.dll
0x00007ffd63520000 - 0x00007ffd635d4000 	C:\WINDOWS\System32\ADVAPI32.dll
0x00007ffd635f0000 - 0x00007ffd63696000 	C:\WINDOWS\System32\sechost.dll
0x00007ffd63840000 - 0x00007ffd63958000 	C:\WINDOWS\System32\RPCRT4.dll
0x00007ffd64920000 - 0x00007ffd64994000 	C:\WINDOWS\System32\WS2_32.dll
0x00007ffd626d0000 - 0x00007ffd6272e000 	C:\WINDOWS\SYSTEM32\POWRPROF.dll
0x00007ffd5a0b0000 - 0x00007ffd5a0e5000 	C:\WINDOWS\SYSTEM32\WINMM.dll
0x00007ffd4e380000 - 0x00007ffd4e38b000 	C:\WINDOWS\SYSTEM32\VERSION.dll
0x00007ffd62690000 - 0x00007ffd626a4000 	C:\WINDOWS\SYSTEM32\UMPDC.dll
0x00007ffd61610000 - 0x00007ffd6162b000 	C:\WINDOWS\SYSTEM32\kernel.appcore.dll
0x00007ffd51b30000 - 0x00007ffd51b3a000 	C:\Program Files\JetBrains\IntelliJ IDEA 2025.1.1.1\jbr\bin\jimage.dll
0x00007ffd49340000 - 0x00007ffd49582000 	C:\WINDOWS\SYSTEM32\DBGHELP.DLL
0x00007ffd64f80000 - 0x00007ffd6530b000 	C:\WINDOWS\System32\combase.dll
0x00007ffd649a0000 - 0x00007ffd64a77000 	C:\WINDOWS\System32\OLEAUT32.dll
0x00007ffd48980000 - 0x00007ffd489bc000 	C:\WINDOWS\SYSTEM32\dbgcore.DLL
0x00007ffd633f0000 - 0x00007ffd63495000 	C:\WINDOWS\System32\bcryptPrimitives.dll
0x00007ffd50290000 - 0x00007ffd502b0000 	C:\Program Files\JetBrains\IntelliJ IDEA 2025.1.1.1\jbr\bin\java.dll

dbghelp: loaded successfully - version: 4.0.5 - missing functions: none
symbol engine: initialized successfully - sym options: 0x614 - pdb path: .;C:\Program Files\JetBrains\IntelliJ IDEA 2025.1.1.1\jbr\bin;C:\WINDOWS\SYSTEM32;C:\WINDOWS\WinSxS\amd64_microsoft.windows.common-controls_6595b64144ccf1df_6.0.26100.7019_none_3e06ffa0e335b8a8;C:\Program Files\JetBrains\IntelliJ IDEA 2025.1.1.1\jbr\bin\server

VM Arguments:
java_command: git4idea.http.GitAskPassApp Username for 'https://github.com': 
java_class_path (initial): C:/Program Files/JetBrains/IntelliJ IDEA 2025.1.1.1/plugins/vcs-git/lib/git4idea-rt.jar;C:/Program Files/JetBrains/IntelliJ IDEA 2025.1.1.1/lib/externalProcess-rt.jar
Launcher Type: SUN_STANDARD

[Global flags]
     intx CICompilerCount                          = 4                                         {product} {ergonomic}
     uint ConcGCThreads                            = 3                                         {product} {ergonomic}
     uint G1ConcRefinementThreads                  = 10                                        {product} {ergonomic}
   size_t G1HeapRegionSize                         = 2097152                                   {product} {ergonomic}
    uintx GCDrainStackTargetSize                   = 64                                        {product} {ergonomic}
   size_t InitialHeapSize                          = 264241152                                 {product} {ergonomic}
   size_t MarkStackSize                            = 4194304                                   {product} {ergonomic}
   size_t MaxHeapSize                              = 4219469824                                {product} {ergonomic}
   size_t MinHeapDeltaBytes                        = 2097152                                   {product} {ergonomic}
   size_t MinHeapSize                              = 8388608                                   {product} {ergonomic}
    uintx NonNMethodCodeHeapSize                   = 5839372                                {pd product} {ergonomic}
    uintx NonProfiledCodeHeapSize                  = 122909434                              {pd product} {ergonomic}
    uintx ProfiledCodeHeapSize                     = 122909434                              {pd product} {ergonomic}
    uintx ReservedCodeCacheSize                    = 251658240                              {pd product} {ergonomic}
     bool SegmentedCodeCache                       = true                                      {product} {ergonomic}
   size_t SoftMaxHeapSize                          = 4219469824                             {manageable} {ergonomic}
     bool UseCompressedOops                        = true                           {product lp64_product} {ergonomic}
     bool UseG1GC                                  = true                                      {product} {ergonomic}
     bool UseLargePagesIndividualAllocation        = false                                  {pd product} {ergonomic}

Logging:
Log output configuration:
 #0: stdout all=warning uptime,level,tags foldmultilines=false
 #1: stderr all=off uptime,level,tags foldmultilines=false

Environment Variables:
PATH=C:\Program Files\Git\mingw64\libexec\git-core;C:\Program Files\Git\mingw64\libexec\git-core;C:\Program Files\Git\mingw64\bin;C:\Program Files\Git\usr\bin;C:\Users\vladi\bin;C:\WINDOWS\system32;C:\WINDOWS;C:\WINDOWS\System32\Wbem;C:\WINDOWS\System32\WindowsPowerShell\v1.0;C:\WINDOWS\System32\OpenSSH;C:\Program Files\Git\cmd;C:\Program Files\nodejs;C:\Program Files\MySQL\MySQL Shell 8.0\bin;C:\Users\vladi\AppData\Local\Microsoft\WindowsApps;C:\Program Files\JetBrains\WebStorm 2024.2.4\bin;C:\Users\vladi\AppData\Local\Programs\Microsoft VS Code\bin;C:\Program Files\JetBrains\IntelliJ IDEA 2025.1.1.1\bin;C:\Users\vladi\AppData\Roaming\npm
USERNAME=vladi
DISPLAY=:0.0
LC_ALL=en_US.UTF-8
TERM=xterm-256color
TMPDIR=C:\Users\vladi\AppData\Local\Temp
OS=Windows_NT
PROCESSOR_IDENTIFIER=Intel64 Family 6 Model 154 Stepping 3, GenuineIntel
TMP=C:\Users\vladi\AppData\Local\Temp
TEMP=C:\Users\vladi\AppData\Local\Temp




Periodic native trim disabled

JNI global refs:
JNI global refs: 0, weak refs: 0

JNI global refs memory usage: 0, weak refs: 0

Process memory usage:
Resident Set Size: 13108K (0% of 16474168K total physical memory with 1011576K free physical memory)

OOME stack traces (most recent first):
Classloader memory used:

---------------  S Y S T E M  ---------------

OS:
 Windows 11 , 64 bit Build 26100 (10.0.26100.7019)
OS uptime: 10 days 17:40 hours
Hyper-V role detected

CPU: total 12 (initial active 12) (6 cores per cpu, 2 threads per core) family 6 model 154 stepping 3 microcode 0x423, cx8, cmov, fxsr, ht, mmx, 3dnowpref, sse, sse2, sse3, ssse3, sse4.1, sse4.2, popcnt, lzcnt, tsc, tscinvbit, avx, avx2, aes, erms, clmul, bmi1, bmi2, adx, sha, fma, vzeroupper, clflush, clflushopt, clwb, hv, serialize, rdtscp, rdpid, fsrm, f16c, cet_ibt, cet_ss
Processor Information for processor 0
  Max Mhz: 2000, Current Mhz: 2000, Mhz Limit: 2000
Processor Information for processor 1
  Max Mhz: 2000, Current Mhz: 1520, Mhz Limit: 2000
Processor Information for processor 2
  Max Mhz: 2000, Current Mhz: 2000, Mhz Limit: 2000
Processor Information for processor 3
  Max Mhz: 2000, Current Mhz: 2000, Mhz Limit: 2000
Processor Information for processor 4
  Max Mhz: 2000, Current Mhz: 2000, Mhz Limit: 2000
Processor Information for processor 5
  Max Mhz: 2000, Current Mhz: 1520, Mhz Limit: 2000
Processor Information for processor 6
  Max Mhz: 2000, Current Mhz: 1520, Mhz Limit: 2000
Processor Information for processor 7
  Max Mhz: 2000, Current Mhz: 1520, Mhz Limit: 2000
Processor Information for processor 8
  Max Mhz: 2000, Current Mhz: 1500, Mhz Limit: 1500
Processor Information for processor 9
  Max Mhz: 2000, Current Mhz: 1500, Mhz Limit: 1500
Processor Information for processor 10
  Max Mhz: 2000, Current Mhz: 1500, Mhz Limit: 1500
Processor Information for processor 11
  Max Mhz: 2000, Current Mhz: 1500, Mhz Limit: 1500

Memory: 4k page, system-wide physical 16088M (987M free)
TotalPageFile size 32144M (AvailPageFile size 6M)
current process WorkingSet (physical memory assigned to process): 12M, peak: 12M
current process commit charge ("private bytes"): 64M, peak: 316M

vm_info: OpenJDK 64-Bit Server VM (21.0.6+9-b895.109) for windows-amd64 JRE (21.0.6+9-b895.109), built on 2025-03-26 by "builduser" with MS VC++ 16.10 / 16.11 (VS2019)

END.
